app/build/intermediates/manifest_merge_blame_file/debug/manifest-merger-blame-debug-report.txt
1<?xml version="1.0" encoding="utf-8"?>
2<manifest xmlns:android="http://schemas.android.com/apk/res/android"
3    package="fr.leopold.projectesiea"
4    android:versionCode="1"
5    android:versionName="1.0" >
6
7    <uses-sdk
8        android:minSdkVersion="21"
8-->src\main\AndroidManifest.xml
9        android:targetSdkVersion="30" />
9-->src\main\AndroidManifest.xml
10
11    <uses-permission android:name="android.permission.INTERNET" />
11-->src\main\AndroidManifest.xml:4:1-62
11-->src\main\AndroidManifest.xml:4:18-60
12    <uses-permission android:name="android.permission.ACCESS_NETWORK_STATE" />
12-->src\main\AndroidManifest.xml:5:5-78
12-->src\main\AndroidManifest.xml:5:22-76
13
14    <application
14-->src\main\AndroidManifest.xml:7:5-22:19
15        android:allowBackup="true"
15-->src\main\AndroidManifest.xml:9:9-35
16        android:appComponentFactory="androidx.core.app.CoreComponentFactory"
16-->[androidx.core:core:1.3.1] AndroidManifest.xml:24:18-86
17        android:debuggable="true"
18        android:icon="@drawable/gapchapon"
18-->src\main\AndroidManifest.xml:10:9-43
19        android:label="@string/app_name"
19-->src\main\AndroidManifest.xml:11:9-41
20        android:roundIcon="@mipmap/ic_launcher_round"
20-->src\main\AndroidManifest.xml:12:9-54
21        android:supportsRtl="true"
21-->src\main\AndroidManifest.xml:13:9-35
22        android:testOnly="true"
23        android:theme="@style/Theme.ProjectEsiea" >
23-->src\main\AndroidManifest.xml:14:9-50
24        <activity android:name="fr.leopold.projectesiea.MainActivity" >
24-->src\main\AndroidManifest.xml:15:9-21:20
24-->src\main\AndroidManifest.xml:15:19-47
25            <intent-filter>
25-->src\main\AndroidManifest.xml:16:13-20:29
26                <action android:name="android.intent.action.MAIN" />
26-->src\main\AndroidManifest.xml:17:17-69
26-->src\main\AndroidManifest.xml:17:25-66
27
28                <category android:name="android.intent.category.LAUNCHER" />
28-->src\main\AndroidManifest.xml:19:17-77
28-->src\main\AndroidManifest.xml:19:27-74
29            </intent-filter>
30        </activity>
31
32        <service
32-->[com.google.firebase:firebase-database:20.0.0] AndroidManifest.xml:29:9-35:19
33            android:name="com.google.firebase.components.ComponentDiscoveryService"
33-->[com.google.firebase:firebase-database:20.0.0] AndroidManifest.xml:30:13-84
34            android:directBootAware="true"
34-->[com.google.firebase:firebase-common:20.0.0] AndroidManifest.xml:35:13-43
35            android:exported="false" >
35-->[com.google.firebase:firebase-database:20.0.0] AndroidManifest.xml:31:13-37
36            <meta-data
36-->[com.google.firebase:firebase-database:20.0.0] AndroidManifest.xml:32:13-34:85
37                android:name="com.google.firebase.components:com.google.firebase.database.DatabaseRegistrar"
37-->[com.google.firebase:firebase-database:20.0.0] AndroidManifest.xml:33:17-109
38                android:value="com.google.firebase.components.ComponentRegistrar" />
38-->[com.google.firebase:firebase-database:20.0.0] AndroidManifest.xml:34:17-82
39            <meta-data
39-->[com.google.firebase:firebase-storage:20.0.0] AndroidManifest.xml:33:13-35:85
40                android:name="com.google.firebase.components:com.google.firebase.storage.StorageRegistrar"
40-->[com.google.firebase:firebase-storage:20.0.0] AndroidManifest.xml:34:17-107
41                android:value="com.google.firebase.components.ComponentRegistrar" />
41-->[com.google.firebase:firebase-storage:20.0.0] AndroidManifest.xml:35:17-82
42        </service>
43
44        <provider
44-->[com.google.firebase:firebase-common:20.0.0] AndroidManifest.xml:26:9-31:39
45            android:name="com.google.firebase.provider.FirebaseInitProvider"
45-->[com.google.firebase:firebase-common:20.0.0] AndroidManifest.xml:27:13-77
46            android:authorities="fr.leopold.projectesiea.firebaseinitprovider"
46-->[com.google.firebase:firebase-common:20.0.0] AndroidManifest.xml:28:13-72
47            android:directBootAware="true"
47-->[com.google.firebase:firebase-common:20.0.0] AndroidManifest.xml:29:13-43
48            android:exported="false"
48-->[com.google.firebase:firebase-common:20.0.0] AndroidManifest.xml:30:13-37
49            android:initOrder="100" />
49-->[com.google.firebase:firebase-common:20.0.0] AndroidManifest.xml:31:13-36
50
51        <activity
51-->[com.google.android.gms:play-services-base:17.1.0] AndroidManifest.xml:23:9-26:75
52            android:name="com.google.android.gms.common.api.GoogleApiActivity"
52-->[com.google.android.gms:play-services-base:17.1.0] AndroidManifest.xml:24:13-79
53            android:exported="false"
53-->[com.google.android.gms:play-services-base:17.1.0] AndroidManifest.xml:25:13-37
54            android:theme="@android:style/Theme.Translucent.NoTitleBar" />
54-->[com.google.android.gms:play-services-base:17.1.0] AndroidManifest.xml:26:13-72
55
56        <meta-data
56-->[com.google.android.gms:play-services-basement:17.0.0] AndroidManifest.xml:23:9-25:69
57            android:name="com.google.android.gms.version"
57-->[com.google.android.gms:play-services-basement:17.0.0] AndroidManifest.xml:24:13-58
58            android:value="@integer/google_play_services_version" />
58-->[com.google.android.gms:play-services-basement:17.0.0] AndroidManifest.xml:25:13-66
59    </application>
60
61</manifest>